<?xml version="1.0" encoding="UTF-8"?>
<testsuite name="com.appchemist.distribute_pay.application.service.PickUpServiceTest" tests="4" skipped="0" failures="0" errors="0" timestamp="2020-11-23T12:41:59" hostname="Appchemists-MacBookPro.local" time="0.018">
  <properties/>
  <testcase name="저장시_예외()" classname="com.appchemist.distribute_pay.application.service.PickUpServiceTest" time="0.014"/>
  <testcase name="페이_줍기()" classname="com.appchemist.distribute_pay.application.service.PickUpServiceTest" time="0.001"/>
  <testcase name="중복_페이_줍기()" classname="com.appchemist.distribute_pay.application.service.PickUpServiceTest" time="0.002"/>
  <testcase name="허용되지_않_페이_줍기()" classname="com.appchemist.distribute_pay.application.service.PickUpServiceTest" time="0.001"/>
  <system-out><![CDATA[]]></system-out>
  <system-err><![CDATA[]]></system-err>
</testsuite>
