<?xml version="1.0" encoding="UTF-8"?>
<testsuite name="com.appchemist.distribute_pay.domain.DistributePayTest" tests="3" skipped="0" failures="0" errors="0" timestamp="2020-11-23T12:42:00" hostname="Appchemists-MacBookPro.local" time="0.003">
  <properties/>
  <testcase name="뿌리기_생성()" classname="com.appchemist.distribute_pay.domain.DistributePayTest" time="0.001"/>
  <testcase name="잘못된_토큰_생성()" classname="com.appchemist.distribute_pay.domain.DistributePayTest" time="0.001"/>
  <testcase name="잘못된_나누기()" classname="com.appchemist.distribute_pay.domain.DistributePayTest" time="0.0"/>
  <system-out><![CDATA[]]></system-out>
  <system-err><![CDATA[]]></system-err>
</testsuite>
