<?xml version="1.0" encoding="UTF-8"?>
<testsuite name="com.appchemist.distribute_pay.application.service.InquiryDistributePayServiceTest" tests="1" skipped="0" failures="0" errors="0" timestamp="2020-11-23T12:41:59" hostname="Appchemists-MacBookPro.local" time="0.001">
  <properties/>
  <testcase name="예외_상황()" classname="com.appchemist.distribute_pay.application.service.InquiryDistributePayServiceTest" time="0.001"/>
  <system-out><![CDATA[]]></system-out>
  <system-err><![CDATA[]]></system-err>
</testsuite>
