<?xml version="1.0" encoding="UTF-8"?>
<testsuite name="com.appchemist.distribute_pay.application.service.DistributePayServiceTest" tests="4" skipped="0" failures="0" errors="0" timestamp="2020-11-23T12:41:58" hostname="Appchemists-MacBookPro.local" time="0.545">
  <properties/>
  <testcase name="토큰_중복_케이스_실패_후_성공()" classname="com.appchemist.distribute_pay.application.service.DistributePayServiceTest" time="0.521"/>
  <testcase name="토큰_생성_기본()" classname="com.appchemist.distribute_pay.application.service.DistributePayServiceTest" time="0.003"/>
  <testcase name="토큰생성자_지정_토큰_생성()" classname="com.appchemist.distribute_pay.application.service.DistributePayServiceTest" time="0.005"/>
  <testcase name="토큰_중복_케이스()" classname="com.appchemist.distribute_pay.application.service.DistributePayServiceTest" time="0.013"/>
  <system-out><![CDATA[]]></system-out>
  <system-err><![CDATA[]]></system-err>
</testsuite>
